<?xml version="1.0" encoding="UTF-8" ?>
<testsuite 
errors="0" failures="0" hostname="WIN10-804041743" name="org.scalatest.tools.DiscoverySuite" tests="0" time="0.015" timestamp="2022-01-09T21:36:10">
  <properties>
    <property name="java.runtime.name" value="Java(TM) SE Runtime Environment">
    </property>
    <property 
    name="sun.boot.library.path" value="C:\Program Files\Java\jre1.8.0_291\bin">
</property>
    <property name="java.vm.version" value="25.291-b10"> </property>
    <property name="java.vm.vendor" value="Oracle Corporation"> </property>
    <property name="java.vendor.url" value="http://java.oracle.com/">
    </property>
    <property name="path.separator" value=";"> </property>
    <property name="java.vm.name" value="Java HotSpot(TM) 64-Bit Server VM">
    </property>
    <property name="file.encoding.pkg" value="sun.io"> </property>
    <property name="user.script" value=""> </property>
    <property name="user.country" value="CN"> </property>
    <property name="sun.java.launcher" value="SUN_STANDARD"> </property>
    <property name="sun.os.patch.level" value=""> </property>
    <property 
    name="java.vm.specification.name" value="Java Virtual Machine Specification">
</property>
    <property name="user.dir" value="F:\Code\spark-2.1\spark-2.1.0\streaming">
    </property>
    <property name="java.runtime.version" value="1.8.0_291-b10"> </property>
    <property name="spark.ui.enabled" value="false"> </property>
    <property 
    name="java.awt.graphicsenv" value="sun.awt.Win32GraphicsEnvironment">
</property>
    <property name="basedir" value="F:\Code\spark-2.1\spark-2.1.0\streaming">
    </property>
    <property 
    name="java.endorsed.dirs" value="C:\Program Files\Java\jre1.8.0_291\lib\endorsed">
</property>
    <property name="os.arch" value="amd64"> </property>
    <property 
    name="java.io.tmpdir" value="F:\Code\spark-2.1\spark-2.1.0\streaming\target/tmp">
</property>
    <property name="derby.system.durability" value="test"> </property>
    <property name="line.separator" value=" "> </property>
    <property name="java.vm.specification.vendor" value="Oracle Corporation">
    </property>
    <property name="user.variant" value=""> </property>
    <property name="os.name" value="Windows 10"> </property>
    <property 
    name="log4j.configuration" value="file:src/test/resources/log4j.properties">
</property>
    <property name="sun.jnu.encoding" value="GBK"> </property>
    <property name="spark.ui.showConsoleProgress" value="false"> </property>
    <property 
    name="java.library.path" value="C:\Program Files (x86)\Common Files\Oracle\Java\javapath;C:\WINDOWS\Sun\Java\bin;C:\WINDOWS\system32;C:\WINDOWS;C:\Users\Administrator\bin;E:\Program Files\Git\mingw64\bin;E:\Program Files\Git\usr\local\bin;E:\Program Files\Git\usr\bin;E:\Program Files\Git\usr\bin;E:\Program Files\Git\mingw64\bin;E:\Program Files\Git\usr\bin;C:\Users\Administrator\bin;C:\Program Files (x86)\Common Files\Oracle\Java\javapath;C:\WINDOWS\system32;C:\WINDOWS;C:\WINDOWS\System32\Wbem;C:\WINDOWS\System32\WindowsPowerShell\v1.0;E:\Program Files\Java\jdk1.8.0_291\bin;E:\Program Files\CTEX\UserData\miktex\bin;E:\Program Files\CTEX\MiKTeX\miktex\bin;E:\Program Files\CTEX\CTeX\ctex\bin;E:\Program Files\CTEX\CTeX\cct\bin;E:\Program Files\CTEX\CTeX\ty\bin;E:\Program Files\CTEX\Ghostscript\gs9.05\bin;E:\Program Files\CTEX\GSview\gsview;E:\Program Files\CTEX\WinEdt;E:\Program Files\scala\bin;E:\scala\bin;E:\Program Files\apache-maven-3.5.4\bin;E:\Program Files\xshell7;E:\Program Files\Git\cmd;C:\Users\Administrator\AppData\Local\Programs\Python\Python38\Scripts;C:\Users\Administrator\AppData\Local\Programs\Python\Python38;C:\Users\Administrator\AppData\Local\Microsoft\WindowsApps;E:\Program Files\Git\usr\bin\vendor_perl;E:\Program Files\Git\usr\bin\core_perl;.">
</property>
    <property 
    name="java.specification.name" value="Java Platform API Specification">
</property>
    <property name="java.class.version" value="52.0"> </property>
    <property 
    name="sun.management.compiler" value="HotSpot 64-Bit Tiered Compilers">
</property>
    <property name="os.version" value="10.0"> </property>
    <property name="user.home" value="C:\Users\Administrator"> </property>
    <property name="user.timezone" value=""> </property>
    <property name="java.awt.printerjob" value="sun.awt.windows.WPrinterJob">
    </property>
    <property name="java.specification.version" value="1.8"> </property>
    <property name="file.encoding" value="GBK"> </property>
    <property name="spark.testing" value="1"> </property>
    <property name="user.name" value="Administrator"> </property>
    <property 
    name="java.class.path" value="F:\Code\spark-2.1\spark-2.1.0\streaming\target\scala-2.11\test-classes;F:\Code\spark-2.1\spark-2.1.0\streaming\target\scala-2.11\classes;F:\Code\spark-2.1\spark-2.1.0\core\target\spark-core_2.11-2.1.0.jar;F:\Code\spark-2.1\spark-2.1.0\core\target\spark-core_2.11-2.1.0.jar;C:\Users\Administrator\.m2\repository\org\apache\spark\spark-core_2.11\2.1.0\spark-core_2.11-2.1.0.jar;C:\Users\Administrator\.m2\repository\org\apache\avro\avro-mapred\1.7.7\avro-mapred-1.7.7-hadoop2.jar;C:\Users\Administrator\.m2\repository\org\apache\avro\avro-ipc\1.7.7\avro-ipc-1.7.7.jar;C:\Users\Administrator\.m2\repository\org\apache\avro\avro\1.7.7\avro-1.7.7.jar;C:\Users\Administrator\.m2\repository\org\apache\avro\avro-ipc\1.7.7\avro-ipc-1.7.7-tests.jar;C:\Users\Administrator\.m2\repository\org\codehaus\jackson\jackson-core-asl\1.9.13\jackson-core-asl-1.9.13.jar;C:\Users\Administrator\.m2\repository\org\codehaus\jackson\jackson-mapper-asl\1.9.13\jackson-mapper-asl-1.9.13.jar;C:\Users\Administrator\.m2\repository\com\twitter\chill_2.11\0.8.0\chill_2.11-0.8.0.jar;C:\Users\Administrator\.m2\repository\com\esotericsoftware\kryo-shaded\3.0.3\kryo-shaded-3.0.3.jar;C:\Users\Administrator\.m2\repository\com\esotericsoftware\minlog\1.3.0\minlog-1.3.0.jar;C:\Users\Administrator\.m2\repository\com\twitter\chill-java\0.8.0\chill-java-0.8.0.jar;C:\Users\Administrator\.m2\repository\org\apache\xbean\xbean-asm5-shaded\4.4\xbean-asm5-shaded-4.4.jar;C:\Users\Administrator\.m2\repository\org\apache\hadoop\hadoop-client\2.7.3\hadoop-client-2.7.3.jar;C:\Users\Administrator\.m2\repository\org\apache\hadoop\hadoop-common\2.7.3\hadoop-common-2.7.3.jar;C:\Users\Administrator\.m2\repository\commons-cli\commons-cli\1.2\commons-cli-1.2.jar;C:\Users\Administrator\.m2\repository\xmlenc\xmlenc\0.52\xmlenc-0.52.jar;C:\Users\Administrator\.m2\repository\commons-httpclient\commons-httpclient\3.1\commons-httpclient-3.1.jar;C:\Users\Administrator\.m2\repository\javax\servlet\jsp\jsp-api\2.1\jsp-api-2.1.jar;C:\Users\Administrator\.m2\repository\commons-lang\commons-lang\2.6\commons-lang-2.6.jar;C:\Users\Administrator\.m2\repository\commons-configuration\commons-configuration\1.6\commons-configuration-1.6.jar;C:\Users\Administrator\.m2\repository\commons-digester\commons-digester\1.8\commons-digester-1.8.jar;C:\Users\Administrator\.m2\repository\commons-beanutils\commons-beanutils\1.7.0\commons-beanutils-1.7.0.jar;C:\Users\Administrator\.m2\repository\commons-beanutils\commons-beanutils-core\1.8.0\commons-beanutils-core-1.8.0.jar;C:\Users\Administrator\.m2\repository\com\google\protobuf\protobuf-java\2.5.0\protobuf-java-2.5.0.jar;C:\Users\Administrator\.m2\repository\com\google\code\gson\gson\2.2.4\gson-2.2.4.jar;C:\Users\Administrator\.m2\repository\org\apache\hadoop\hadoop-auth\2.7.3\hadoop-auth-2.7.3.jar;C:\Users\Administrator\.m2\repository\org\apache\directory\server\apacheds-kerberos-codec\2.0.0-M15\apacheds-kerberos-codec-2.0.0-M15.jar;C:\Users\Administrator\.m2\repository\org\apache\directory\server\apacheds-i18n\2.0.0-M15\apacheds-i18n-2.0.0-M15.jar;C:\Users\Administrator\.m2\repository\org\apache\directory\api\api-asn1-api\1.0.0-M20\api-asn1-api-1.0.0-M20.jar;C:\Users\Administrator\.m2\repository\org\apache\directory\api\api-util\1.0.0-M20\api-util-1.0.0-M20.jar;C:\Users\Administrator\.m2\repository\org\apache\curator\curator-client\2.6.0\curator-client-2.6.0.jar;C:\Users\Administrator\.m2\repository\org\apache\htrace\htrace-core\3.1.0-incubating\htrace-core-3.1.0-incubating.jar;C:\Users\Administrator\.m2\repository\org\apache\commons\commons-compress\1.4.1\commons-compress-1.4.1.jar;C:\Users\Administrator\.m2\repository\org\tukaani\xz\1.0\xz-1.0.jar;C:\Users\Administrator\.m2\repository\org\apache\hadoop\hadoop-hdfs\2.7.3\hadoop-hdfs-2.7.3.jar;C:\Users\Administrator\.m2\repository\org\mortbay\jetty\jetty-util\6.1.26\jetty-util-6.1.26.jar;C:\Users\Administrator\.m2\repository\org\apache\hadoop\hadoop-mapreduce-client-app\2.7.3\hadoop-mapreduce-client-app-2.7.3.jar;C:\Users\Administrator\.m2\repository\org\apache\hadoop\hadoop-mapreduce-client-common\2.7.3\hadoop-mapreduce-client-common-2.7.3.jar;C:\Users\Administrator\.m2\repository\org\apache\hadoop\hadoop-yarn-client\2.7.3\hadoop-yarn-client-2.7.3.jar;C:\Users\Administrator\.m2\repository\org\apache\hadoop\hadoop-yarn-server-common\2.7.3\hadoop-yarn-server-common-2.7.3.jar;C:\Users\Administrator\.m2\repository\org\apache\hadoop\hadoop-mapreduce-client-shuffle\2.7.3\hadoop-mapreduce-client-shuffle-2.7.3.jar;C:\Users\Administrator\.m2\repository\org\apache\hadoop\hadoop-yarn-api\2.7.3\hadoop-yarn-api-2.7.3.jar;C:\Users\Administrator\.m2\repository\org\apache\hadoop\hadoop-mapreduce-client-core\2.7.3\hadoop-mapreduce-client-core-2.7.3.jar;C:\Users\Administrator\.m2\repository\org\apache\hadoop\hadoop-yarn-common\2.7.3\hadoop-yarn-common-2.7.3.jar;C:\Users\Administrator\.m2\repository\javax\xml\bind\jaxb-api\2.2.2\jaxb-api-2.2.2.jar;C:\Users\Administrator\.m2\repository\javax\xml\stream\stax-api\1.0-2\stax-api-1.0-2.jar;C:\Users\Administrator\.m2\repository\org\codehaus\jackson\jackson-jaxrs\1.9.13\jackson-jaxrs-1.9.13.jar;C:\Users\Administrator\.m2\repository\org\codehaus\jackson\jackson-xc\1.9.13\jackson-xc-1.9.13.jar;C:\Users\Administrator\.m2\repository\org\apache\hadoop\hadoop-mapreduce-client-jobclient\2.7.3\hadoop-mapreduce-client-jobclient-2.7.3.jar;C:\Users\Administrator\.m2\repository\org\apache\hadoop\hadoop-annotations\2.7.3\hadoop-annotations-2.7.3.jar;C:\Users\Administrator\.m2\repository\org\apache\spark\spark-launcher_2.11\2.1.0\spark-launcher_2.11-2.1.0.jar;C:\Users\Administrator\.m2\repository\org\apache\spark\spark-network-common_2.11\2.1.0\spark-network-common_2.11-2.1.0.jar;C:\Users\Administrator\.m2\repository\org\fusesource\leveldbjni\leveldbjni-all\1.8\leveldbjni-all-1.8.jar;C:\Users\Administrator\.m2\repository\com\fasterxml\jackson\core\jackson-annotations\2.6.5\jackson-annotations-2.6.5.jar;C:\Users\Administrator\.m2\repository\org\apache\spark\spark-network-shuffle_2.11\2.1.0\spark-network-shuffle_2.11-2.1.0.jar;C:\Users\Administrator\.m2\repository\org\apache\spark\spark-unsafe_2.11\2.1.0\spark-unsafe_2.11-2.1.0.jar;C:\Users\Administrator\.m2\repository\net\java\dev\jets3t\jets3t\0.9.3\jets3t-0.9.3.jar;C:\Users\Administrator\.m2\repository\org\apache\httpcomponents\httpcore\4.4.4\httpcore-4.4.4.jar;C:\Users\Administrator\.m2\repository\commons-codec\commons-codec\1.10\commons-codec-1.10.jar;C:\Users\Administrator\.m2\repository\javax\activation\activation\1.1.1\activation-1.1.1.jar;C:\Users\Administrator\.m2\repository\mx4j\mx4j\3.0.2\mx4j-3.0.2.jar;C:\Users\Administrator\.m2\repository\javax\mail\mail\1.4.7\mail-1.4.7.jar;C:\Users\Administrator\.m2\repository\org\bouncycastle\bcprov-jdk15on\1.51\bcprov-jdk15on-1.51.jar;C:\Users\Administrator\.m2\repository\com\jamesmurty\utils\java-xmlbuilder\1.0\java-xmlbuilder-1.0.jar;C:\Users\Administrator\.m2\repository\net\iharder\base64\2.3.8\base64-2.3.8.jar;C:\Users\Administrator\.m2\repository\org\apache\curator\curator-recipes\2.6.0\curator-recipes-2.6.0.jar;C:\Users\Administrator\.m2\repository\org\apache\curator\curator-framework\2.6.0\curator-framework-2.6.0.jar;C:\Users\Administrator\.m2\repository\org\apache\zookeeper\zookeeper\3.4.6\zookeeper-3.4.6.jar;C:\Users\Administrator\.m2\repository\javax\servlet\javax.servlet-api\3.1.0\javax.servlet-api-3.1.0.jar;C:\Users\Administrator\.m2\repository\org\apache\commons\commons-lang3\3.5\commons-lang3-3.5.jar;C:\Users\Administrator\.m2\repository\org\apache\commons\commons-math3\3.4.1\commons-math3-3.4.1.jar;C:\Users\Administrator\.m2\repository\com\google\code\findbugs\jsr305\1.3.9\jsr305-1.3.9.jar;C:\Users\Administrator\.m2\repository\org\slf4j\slf4j-api\1.7.16\slf4j-api-1.7.16.jar;C:\Users\Administrator\.m2\repository\org\slf4j\jul-to-slf4j\1.7.16\jul-to-slf4j-1.7.16.jar;C:\Users\Administrator\.m2\repository\org\slf4j\jcl-over-slf4j\1.7.16\jcl-over-slf4j-1.7.16.jar;C:\Users\Administrator\.m2\repository\log4j\log4j\1.2.17\log4j-1.2.17.jar;C:\Users\Administrator\.m2\repository\org\slf4j\slf4j-log4j12\1.7.16\slf4j-log4j12-1.7.16.jar;C:\Users\Administrator\.m2\repository\com\ning\compress-lzf\1.0.3\compress-lzf-1.0.3.jar;C:\Users\Administrator\.m2\repository\org\xerial\snappy\snappy-java\1.1.2.6\snappy-java-1.1.2.6.jar;C:\Users\Administrator\.m2\repository\net\jpountz\lz4\lz4\1.3.0\lz4-1.3.0.jar;C:\Users\Administrator\.m2\repository\org\roaringbitmap\RoaringBitmap\0.5.11\RoaringBitmap-0.5.11.jar;C:\Users\Administrator\.m2\repository\commons-net\commons-net\2.2\commons-net-2.2.jar;C:\Users\Administrator\.m2\repository\org\json4s\json4s-jackson_2.11\3.2.11\json4s-jackson_2.11-3.2.11.jar;C:\Users\Administrator\.m2\repository\org\json4s\json4s-core_2.11\3.2.11\json4s-core_2.11-3.2.11.jar;C:\Users\Administrator\.m2\repository\org\json4s\json4s-ast_2.11\3.2.11\json4s-ast_2.11-3.2.11.jar;C:\Users\Administrator\.m2\repository\com\thoughtworks\paranamer\paranamer\2.6\paranamer-2.6.jar;C:\Users\Administrator\.m2\repository\org\scala-lang\scalap\2.11.8\scalap-2.11.8.jar;C:\Users\Administrator\.m2\repository\org\scala-lang\scala-compiler\2.11.8\scala-compiler-2.11.8.jar;C:\Users\Administrator\.m2\repository\org\scala-lang\modules\scala-parser-combinators_2.11\1.0.4\scala-parser-combinators_2.11-1.0.4.jar;C:\Users\Administrator\.m2\repository\org\glassfish\jersey\core\jersey-client\2.22.2\jersey-client-2.22.2.jar;C:\Users\Administrator\.m2\repository\javax\ws\rs\javax.ws.rs-api\2.0.1\javax.ws.rs-api-2.0.1.jar;C:\Users\Administrator\.m2\repository\org\glassfish\hk2\hk2-api\2.4.0-b34\hk2-api-2.4.0-b34.jar;C:\Users\Administrator\.m2\repository\org\glassfish\hk2\hk2-utils\2.4.0-b34\hk2-utils-2.4.0-b34.jar;C:\Users\Administrator\.m2\repository\org\glassfish\hk2\external\aopalliance-repackaged\2.4.0-b34\aopalliance-repackaged-2.4.0-b34.jar;C:\Users\Administrator\.m2\repository\org\glassfish\hk2\external\javax.inject\2.4.0-b34\javax.inject-2.4.0-b34.jar;C:\Users\Administrator\.m2\repository\org\glassfish\hk2\hk2-locator\2.4.0-b34\hk2-locator-2.4.0-b34.jar;C:\Users\Administrator\.m2\repository\org\javassist\javassist\3.18.1-GA\javassist-3.18.1-GA.jar;C:\Users\Administrator\.m2\repository\org\glassfish\jersey\core\jersey-common\2.22.2\jersey-common-2.22.2.jar;C:\Users\Administrator\.m2\repository\javax\annotation\javax.annotation-api\1.2\javax.annotation-api-1.2.jar;C:\Users\Administrator\.m2\repository\org\glassfish\jersey\bundles\repackaged\jersey-guava\2.22.2\jersey-guava-2.22.2.jar;C:\Users\Administrator\.m2\repository\org\glassfish\hk2\osgi-resource-locator\1.0.1\osgi-resource-locator-1.0.1.jar;C:\Users\Administrator\.m2\repository\org\glassfish\jersey\core\jersey-server\2.22.2\jersey-server-2.22.2.jar;C:\Users\Administrator\.m2\repository\org\glassfish\jersey\media\jersey-media-jaxb\2.22.2\jersey-media-jaxb-2.22.2.jar;C:\Users\Administrator\.m2\repository\javax\validation\validation-api\1.1.0.Final\validation-api-1.1.0.Final.jar;C:\Users\Administrator\.m2\repository\org\glassfish\jersey\containers\jersey-container-servlet\2.22.2\jersey-container-servlet-2.22.2.jar;C:\Users\Administrator\.m2\repository\org\glassfish\jersey\containers\jersey-container-servlet-core\2.22.2\jersey-container-servlet-core-2.22.2.jar;C:\Users\Administrator\.m2\repository\io\netty\netty-all\4.0.42.Final\netty-all-4.0.42.Final.jar;C:\Users\Administrator\.m2\repository\io\netty\netty\3.8.0.Final\netty-3.8.0.Final.jar;C:\Users\Administrator\.m2\repository\com\clearspring\analytics\stream\2.7.0\stream-2.7.0.jar;C:\Users\Administrator\.m2\repository\io\dropwizard\metrics\metrics-core\3.1.2\metrics-core-3.1.2.jar;C:\Users\Administrator\.m2\repository\io\dropwizard\metrics\metrics-jvm\3.1.2\metrics-jvm-3.1.2.jar;C:\Users\Administrator\.m2\repository\io\dropwizard\metrics\metrics-json\3.1.2\metrics-json-3.1.2.jar;C:\Users\Administrator\.m2\repository\io\dropwizard\metrics\metrics-graphite\3.1.2\metrics-graphite-3.1.2.jar;C:\Users\Administrator\.m2\repository\com\fasterxml\jackson\core\jackson-databind\2.6.5\jackson-databind-2.6.5.jar;C:\Users\Administrator\.m2\repository\com\fasterxml\jackson\core\jackson-core\2.6.5\jackson-core-2.6.5.jar;C:\Users\Administrator\.m2\repository\com\fasterxml\jackson\module\jackson-module-scala_2.11\2.6.5\jackson-module-scala_2.11-2.6.5.jar;C:\Users\Administrator\.m2\repository\com\fasterxml\jackson\module\jackson-module-paranamer\2.6.5\jackson-module-paranamer-2.6.5.jar;C:\Users\Administrator\.m2\repository\org\apache\ivy\ivy\2.4.0\ivy-2.4.0.jar;C:\Users\Administrator\.m2\repository\oro\oro\2.0.8\oro-2.0.8.jar;C:\Users\Administrator\.m2\repository\net\razorvine\pyrolite\4.13\pyrolite-4.13.jar;C:\Users\Administrator\.m2\repository\net\sf\py4j\py4j\0.10.4\py4j-0.10.4.jar;C:\Users\Administrator\.m2\repository\org\apache\commons\commons-crypto\1.0.0\commons-crypto-1.0.0.jar;C:\Users\Administrator\.m2\repository\org\apache\spark\spark-core_2.11\2.1.0\spark-core_2.11-2.1.0-tests.jar;C:\Users\Administrator\.m2\repository\org\scala-lang\modules\scala-xml_2.11\1.0.5\scala-xml_2.11-1.0.5.jar;C:\Users\Administrator\.m2\repository\org\apache\spark\spark-tags_2.11\2.1.0\spark-tags_2.11-2.1.0.jar;C:\Users\Administrator\.m2\repository\com\google\guava\guava\14.0.1\guava-14.0.1.jar;C:\Users\Administrator\.m2\repository\org\eclipse\jetty\jetty-server\9.2.16.v20160414\jetty-server-9.2.16.v20160414.jar;C:\Users\Administrator\.m2\repository\org\eclipse\jetty\jetty-io\9.2.16.v20160414\jetty-io-9.2.16.v20160414.jar;C:\Users\Administrator\.m2\repository\org\eclipse\jetty\jetty-plus\9.2.16.v20160414\jetty-plus-9.2.16.v20160414.jar;C:\Users\Administrator\.m2\repository\org\eclipse\jetty\jetty-webapp\9.2.16.v20160414\jetty-webapp-9.2.16.v20160414.jar;C:\Users\Administrator\.m2\repository\org\eclipse\jetty\jetty-xml\9.2.16.v20160414\jetty-xml-9.2.16.v20160414.jar;C:\Users\Administrator\.m2\repository\org\eclipse\jetty\jetty-jndi\9.2.16.v20160414\jetty-jndi-9.2.16.v20160414.jar;C:\Users\Administrator\.m2\repository\org\eclipse\jetty\jetty-util\9.2.16.v20160414\jetty-util-9.2.16.v20160414.jar;C:\Users\Administrator\.m2\repository\org\eclipse\jetty\jetty-http\9.2.16.v20160414\jetty-http-9.2.16.v20160414.jar;C:\Users\Administrator\.m2\repository\org\eclipse\jetty\jetty-servlet\9.2.16.v20160414\jetty-servlet-9.2.16.v20160414.jar;C:\Users\Administrator\.m2\repository\org\eclipse\jetty\jetty-security\9.2.16.v20160414\jetty-security-9.2.16.v20160414.jar;C:\Users\Administrator\.m2\repository\org\eclipse\jetty\jetty-servlets\9.2.16.v20160414\jetty-servlets-9.2.16.v20160414.jar;C:\Users\Administrator\.m2\repository\org\eclipse\jetty\jetty-continuation\9.2.16.v20160414\jetty-continuation-9.2.16.v20160414.jar;C:\Users\Administrator\.m2\repository\org\scala-lang\scala-library\2.11.8\scala-library-2.11.8.jar;C:\Users\Administrator\.m2\repository\org\scalacheck\scalacheck_2.11\1.12.5\scalacheck_2.11-1.12.5.jar;C:\Users\Administrator\.m2\repository\org\scala-sbt\test-interface\1.0\test-interface-1.0.jar;C:\Users\Administrator\.m2\repository\org\seleniumhq\selenium\selenium-java\2.52.0\selenium-java-2.52.0.jar;C:\Users\Administrator\.m2\repository\org\seleniumhq\selenium\selenium-chrome-driver\2.52.0\selenium-chrome-driver-2.52.0.jar;C:\Users\Administrator\.m2\repository\org\seleniumhq\selenium\selenium-remote-driver\2.52.0\selenium-remote-driver-2.52.0.jar;C:\Users\Administrator\.m2\repository\cglib\cglib-nodep\2.1_3\cglib-nodep-2.1_3.jar;C:\Users\Administrator\.m2\repository\org\seleniumhq\selenium\selenium-api\2.52.0\selenium-api-2.52.0.jar;C:\Users\Administrator\.m2\repository\org\seleniumhq\selenium\selenium-edge-driver\2.52.0\selenium-edge-driver-2.52.0.jar;C:\Users\Administrator\.m2\repository\commons-io\commons-io\2.4\commons-io-2.4.jar;C:\Users\Administrator\.m2\repository\org\apache\commons\commons-exec\1.3\commons-exec-1.3.jar;C:\Users\Administrator\.m2\repository\org\seleniumhq\selenium\selenium-firefox-driver\2.52.0\selenium-firefox-driver-2.52.0.jar;C:\Users\Administrator\.m2\repository\org\seleniumhq\selenium\selenium-ie-driver\2.52.0\selenium-ie-driver-2.52.0.jar;C:\Users\Administrator\.m2\repository\net\java\dev\jna\jna\4.1.0\jna-4.1.0.jar;C:\Users\Administrator\.m2\repository\net\java\dev\jna\jna-platform\4.1.0\jna-platform-4.1.0.jar;C:\Users\Administrator\.m2\repository\org\seleniumhq\selenium\selenium-safari-driver\2.52.0\selenium-safari-driver-2.52.0.jar;C:\Users\Administrator\.m2\repository\org\seleniumhq\selenium\selenium-support\2.52.0\selenium-support-2.52.0.jar;C:\Users\Administrator\.m2\repository\org\webbitserver\webbit\0.4.14\webbit-0.4.14.jar;C:\Users\Administrator\.m2\repository\org\seleniumhq\selenium\selenium-leg-rc\2.52.0\selenium-leg-rc-2.52.0.jar;C:\Users\Administrator\.m2\repository\org\seleniumhq\selenium\selenium-htmlunit-driver\2.52.0\selenium-htmlunit-driver-2.52.0.jar;C:\Users\Administrator\.m2\repository\net\sourceforge\htmlunit\htmlunit\2.18\htmlunit-2.18.jar;C:\Users\Administrator\.m2\repository\xalan\xalan\2.7.2\xalan-2.7.2.jar;C:\Users\Administrator\.m2\repository\xalan\serializer\2.7.2\serializer-2.7.2.jar;C:\Users\Administrator\.m2\repository\org\apache\httpcomponents\httpmime\4.5.2\httpmime-4.5.2.jar;C:\Users\Administrator\.m2\repository\net\sourceforge\htmlunit\htmlunit-core-js\2.17\htmlunit-core-js-2.17.jar;C:\Users\Administrator\.m2\repository\xerces\xercesImpl\2.11.0\xercesImpl-2.11.0.jar;C:\Users\Administrator\.m2\repository\xml-apis\xml-apis\1.4.01\xml-apis-1.4.01.jar;C:\Users\Administrator\.m2\repository\net\sourceforge\nekohtml\nekohtml\1.9.22\nekohtml-1.9.22.jar;C:\Users\Administrator\.m2\repository\net\sourceforge\cssparser\cssparser\0.9.16\cssparser-0.9.16.jar;C:\Users\Administrator\.m2\repository\org\w3c\css\sac\1.3\sac-1.3.jar;C:\Users\Administrator\.m2\repository\commons-logging\commons-logging\1.2\commons-logging-1.2.jar;C:\Users\Administrator\.m2\repository\org\eclipse\jetty\websocket\websocket-client\9.2.12.v20150709\websocket-client-9.2.12.v20150709.jar;C:\Users\Administrator\.m2\repository\org\eclipse\jetty\websocket\websocket-common\9.2.12.v20150709\websocket-common-9.2.12.v20150709.jar;C:\Users\Administrator\.m2\repository\org\eclipse\jetty\websocket\websocket-api\9.2.12.v20150709\websocket-api-9.2.12.v20150709.jar;C:\Users\Administrator\.m2\repository\commons-collections\commons-collections\3.2.2\commons-collections-3.2.2.jar;C:\Users\Administrator\.m2\repository\org\apache\httpcomponents\httpclient\4.5.2\httpclient-4.5.2.jar;C:\Users\Administrator\.m2\repository\org\mockito\mockito-core\1.10.19\mockito-core-1.10.19.jar;C:\Users\Administrator\.m2\repository\org\hamcrest\hamcrest-core\1.3\hamcrest-core-1.3.jar;C:\Users\Administrator\.m2\repository\org\objenesis\objenesis\2.1\objenesis-2.1.jar;C:\Users\Administrator\.m2\repository\org\spark-project\spark\unused\1.0.0\unused-1.0.0.jar;C:\Users\Administrator\.m2\repository\org\scalatest\scalatest_2.11\2.2.6\scalatest_2.11-2.2.6.jar;C:\Users\Administrator\.m2\repository\org\scala-lang\scala-reflect\2.11.8\scala-reflect-2.11.8.jar;C:\Users\Administrator\.m2\repository\junit\junit\4.12\junit-4.12.jar;C:\Users\Administrator\.m2\repository\com\novocode\junit-interface\0.11\junit-interface-0.11.jar">
</property>
    <property name="java.vm.specification.version" value="1.8"> </property>
    <property name="sun.arch.data.model" value="64"> </property>
    <property name="java.home" value="C:\Program Files\Java\jre1.8.0_291">
    </property>
    <property 
    name="sun.java.command" value="org.scalatest.tools.Runner -R F:\Code\spark-2.1\spark-2.1.0\streaming\target\scala-2.11\classes F:\Code\spark-2.1\spark-2.1.0\streaming\target\scala-2.11\test-classes -o -f F:\Code\spark-2.1\spark-2.1.0\streaming\target\surefire-reports\SparkTestSuite.txt -u F:\Code\spark-2.1\spark-2.1.0\streaming\target\surefire-reports\.">
</property>
    <property name="java.specification.vendor" value="Oracle Corporation">
    </property>
    <property name="user.language" value="zh"> </property>
    <property name="awt.toolkit" value="sun.awt.windows.WToolkit"> </property>
    <property name="java.vm.info" value="mixed mode"> </property>
    <property name="java.version" value="1.8.0_291"> </property>
    <property 
    name="java.ext.dirs" value="C:\Program Files\Java\jre1.8.0_291\lib\ext;C:\WINDOWS\Sun\Java\lib\ext">
</property>
    <property 
    name="sun.boot.class.path" value="C:\Program Files\Java\jre1.8.0_291\lib\resources.jar;C:\Program Files\Java\jre1.8.0_291\lib\rt.jar;C:\Program Files\Java\jre1.8.0_291\lib\sunrsasign.jar;C:\Program Files\Java\jre1.8.0_291\lib\jsse.jar;C:\Program Files\Java\jre1.8.0_291\lib\jce.jar;C:\Program Files\Java\jre1.8.0_291\lib\charsets.jar;C:\Program Files\Java\jre1.8.0_291\lib\jfr.jar;C:\Program Files\Java\jre1.8.0_291\classes">
</property>
    <property name="spark.test.home" value="F:\Code\spark-2.1\spark-2.1.0">
    </property>
    <property name="java.vendor" value="Oracle Corporation"> </property>
    <property name="java.awt.headless" value="true"> </property>
    <property name="file.separator" value="\"> </property>
    <property 
    name="java.vendor.url.bug" value="http://bugreport.sun.com/bugreport/">
</property>
    <property name="spark.unsafe.exceptionOnMemoryLeak" value="true">
    </property>
    <property name="sun.cpu.endian" value="little"> </property>
    <property name="sun.io.unicode.encoding" value="UnicodeLittle"> </property>
    <property name="sun.desktop" value="windows"> </property>
    <property name="test.src.tables" value="__not_used__"> </property>
    <property name="sun.cpu.isalist" value="amd64"> </property>
  </properties>
  <system-out><![CDATA[]]></system-out>
  <system-err><![CDATA[]]></system-err>
</testsuite>
